
2/14/20, 14:08:35 - ERROR: Download of "http://jetart.olalaweb.vn/css/images/animated-overlay.gif", referenced from "/Users/van/Downloads/us.sitesucker.mac.sitesucker/jetart.olalaweb.vn/css/date.css", failed with error code 404 (not found)
2/14/20, 14:08:35 - ERROR: Download of "http://jetart.olalaweb.vn/css/images/ui-bg_glass_100_f6f6f6_1x400.png", referenced from "/Users/van/Downloads/us.sitesucker.mac.sitesucker/jetart.olalaweb.vn/css/date.css", failed with error code 404 (not found)
2/14/20, 14:08:35 - ERROR: Download of "http://jetart.olalaweb.vn/images/ui-bg_highlight-soft_100_eeeeee_1x100.png", referenced from "/Users/van/Downloads/us.sitesucker.mac.sitesucker/jetart.olalaweb.vn/css/date.css", failed with error code 404 (not found)
2/14/20, 14:08:35 - ERROR: Download of "http://jetart.olalaweb.vn/css/images/ui-bg_glass_100_fdf5ce_1x400.png", referenced from "/Users/van/Downloads/us.sitesucker.mac.sitesucker/jetart.olalaweb.vn/css/date.css", failed with error code 404 (not found)
2/14/20, 14:08:35 - ERROR: Download of "http://jetart.olalaweb.vn/images/ui-bg_gloss-wave_35_f6a828_500x100.png", referenced from "/Users/van/Downloads/us.sitesucker.mac.sitesucker/jetart.olalaweb.vn/css/date.css", failed with error code 404 (not found)
2/14/20, 14:08:35 - ERROR: Download of "http://jetart.olalaweb.vn/css/images/ui-bg_glass_65_ffffff_1x400.png", referenced from "/Users/van/Downloads/us.sitesucker.mac.sitesucker/jetart.olalaweb.vn/css/date.css", failed with error code 404 (not found)
2/14/20, 14:08:35 - ERROR: Download of "http://jetart.olalaweb.vn/css/images/ui-bg_highlight-soft_75_ffe45c_1x100.png", referenced from "/Users/van/Downloads/us.sitesucker.mac.sitesucker/jetart.olalaweb.vn/css/date.css", failed with error code 404 (not found)
2/14/20, 14:08:35 - ERROR: Download of "http://jetart.olalaweb.vn/css/images/ui-bg_diagonals-thick_18_b81900_40x40.png", referenced from "/Users/van/Downloads/us.sitesucker.mac.sitesucker/jetart.olalaweb.vn/css/date.css", failed with error code 404 (not found)
2/14/20, 14:08:35 - ERROR: Download of "http://jetart.olalaweb.vn/images/ui-icons_222222_256x240.png", referenced from "/Users/van/Downloads/us.sitesucker.mac.sitesucker/jetart.olalaweb.vn/css/date.css", failed with error code 404 (not found)
2/14/20, 14:08:35 - ERROR: Download of "http://jetart.olalaweb.vn/images/ui-icons_ffffff_256x240.png", referenced from "/Users/van/Downloads/us.sitesucker.mac.sitesucker/jetart.olalaweb.vn/css/date.css", failed with error code 404 (not found)
2/14/20, 14:08:35 - ERROR: Download of "http://jetart.olalaweb.vn/images/ui-icons_ef8c08_256x240.png", referenced from "/Users/van/Downloads/us.sitesucker.mac.sitesucker/jetart.olalaweb.vn/css/date.css", failed with error code 404 (not found)
2/14/20, 14:08:35 - ERROR: Download of "http://jetart.olalaweb.vn/images/ui-icons_228ef1_256x240.png", referenced from "/Users/van/Downloads/us.sitesucker.mac.sitesucker/jetart.olalaweb.vn/css/date.css", failed with error code 404 (not found)
2/14/20, 14:08:36 - ERROR: Download of "http://jetart.olalaweb.vn/css/images/ui-bg_diagonals-thick_20_666666_40x40.png", referenced from "/Users/van/Downloads/us.sitesucker.mac.sitesucker/jetart.olalaweb.vn/css/date.css", failed with error code 404 (not found)
2/14/20, 14:08:36 - ERROR: Download of "http://jetart.olalaweb.vn/images/ui-icons_ffd27a_256x240.png", referenced from "/Users/van/Downloads/us.sitesucker.mac.sitesucker/jetart.olalaweb.vn/css/date.css", failed with error code 404 (not found)
2/14/20, 14:08:36 - ERROR: Download of "http://jetart.olalaweb.vn/css/ajax-loader.gif", referenced from "/Users/van/Downloads/us.sitesucker.mac.sitesucker/jetart.olalaweb.vn/css/slick-theme.css", failed with error code 404 (not found)
2/14/20, 14:08:36 - ERROR: Download of "http://jetart.olalaweb.vn/css/images/ui-bg_flat_10_000000_40x100.png", referenced from "/Users/van/Downloads/us.sitesucker.mac.sitesucker/jetart.olalaweb.vn/css/date.css", failed with error code 404 (not found)
2/14/20, 14:08:36 - ERROR: Download of "http://jetart.olalaweb.vn/css/.../fonts/slick.eot", referenced from "/Users/van/Downloads/us.sitesucker.mac.sitesucker/jetart.olalaweb.vn/css/slick-theme.css", failed with error code 404 (not found)
2/14/20, 14:08:36 - ERROR: Download of "http://jetart.olalaweb.vn/css/.../fonts/slick.eot?", referenced from "/Users/van/Downloads/us.sitesucker.mac.sitesucker/jetart.olalaweb.vn/css/slick-theme.css", failed with error code 404 (not found)
2/14/20, 14:08:36 - ERROR: Download of "http://jetart.olalaweb.vn/css/.../fonts/slick.woff", referenced from "/Users/van/Downloads/us.sitesucker.mac.sitesucker/jetart.olalaweb.vn/css/slick-theme.css", failed with error code 404 (not found)
2/14/20, 14:08:36 - ERROR: Download of "http://jetart.olalaweb.vn/css/.../fonts/slick.ttf", referenced from "/Users/van/Downloads/us.sitesucker.mac.sitesucker/jetart.olalaweb.vn/css/slick-theme.css", failed with error code 404 (not found)
2/14/20, 14:08:36 - ERROR: Download of "http://jetart.olalaweb.vn/css/.../fonts/slick.svg", referenced from "/Users/van/Downloads/us.sitesucker.mac.sitesucker/jetart.olalaweb.vn/css/slick-theme.css", failed with error code 404 (not found)
2/14/20, 14:08:36 - ERROR: Download of "http://jetart.olalaweb.vn/images/slide/prev.svg", referenced from "/Users/van/Downloads/us.sitesucker.mac.sitesucker/jetart.olalaweb.vn/css/slick-theme.css", failed with error code 404 (not found)
2/14/20, 14:08:36 - ERROR: Download of "http://jetart.olalaweb.vn/images/slide/next.svg", referenced from "/Users/van/Downloads/us.sitesucker.mac.sitesucker/jetart.olalaweb.vn/css/slick-theme.css", failed with error code 404 (not found)
2/14/20, 14:08:41 - ERROR: Download of "http://jetart.olalaweb.vn/img/nucleo-icon-1.svg", referenced from "/Users/van/Downloads/us.sitesucker.mac.sitesucker/jetart.olalaweb.vn/css/menu_drop.css", failed with error code 404 (not found)
2/14/20, 14:08:41 - ERROR: Download of "http://jetart.olalaweb.vn/img/nucleo-icon-2.svg", referenced from "/Users/van/Downloads/us.sitesucker.mac.sitesucker/jetart.olalaweb.vn/css/menu_drop.css", failed with error code 404 (not found)
2/14/20, 14:08:41 - ERROR: Download of "http://jetart.olalaweb.vn/img/nucleo-icon-3.svg", referenced from "/Users/van/Downloads/us.sitesucker.mac.sitesucker/jetart.olalaweb.vn/css/menu_drop.css", failed with error code 404 (not found)
2/14/20, 14:08:41 - ERROR: Download of "http://jetart.olalaweb.vn/img/nucleo-icon-4.svg", referenced from "/Users/van/Downloads/us.sitesucker.mac.sitesucker/jetart.olalaweb.vn/css/menu_drop.css", failed with error code 404 (not found)
2/14/20, 14:08:41 - ERROR: Download of "http://jetart.olalaweb.vn/img/nucleo-icon-5.svg", referenced from "/Users/van/Downloads/us.sitesucker.mac.sitesucker/jetart.olalaweb.vn/css/menu_drop.css", failed with error code 404 (not found)
2/14/20, 14:08:41 - ERROR: Download of "http://jetart.olalaweb.vn/img/nucleo-icon-7.svg", referenced from "/Users/van/Downloads/us.sitesucker.mac.sitesucker/jetart.olalaweb.vn/css/menu_drop.css", failed with error code 404 (not found)
2/14/20, 14:08:41 - ERROR: Download of "http://jetart.olalaweb.vn/img/nucleo-icon-6.svg", referenced from "/Users/van/Downloads/us.sitesucker.mac.sitesucker/jetart.olalaweb.vn/css/menu_drop.css", failed with error code 404 (not found)
2/14/20, 14:08:41 - ERROR: Download of "http://jetart.olalaweb.vn/img/nucleo-icon-8.svg", referenced from "/Users/van/Downloads/us.sitesucker.mac.sitesucker/jetart.olalaweb.vn/css/menu_drop.css", failed with error code 404 (not found)
2/14/20, 14:08:41 - ERROR: Download of "http://jetart.olalaweb.vn/img/nucleo-icon-9.svg", referenced from "/Users/van/Downloads/us.sitesucker.mac.sitesucker/jetart.olalaweb.vn/css/menu_drop.css", failed with error code 404 (not found)
2/14/20, 14:08:41 - ERROR: Download of "http://jetart.olalaweb.vn/img/nucleo-icon-11.svg", referenced from "/Users/van/Downloads/us.sitesucker.mac.sitesucker/jetart.olalaweb.vn/css/menu_drop.css", failed with error code 404 (not found)
2/14/20, 14:08:41 - ERROR: Download of "http://jetart.olalaweb.vn/img/nucleo-icon-10.svg", referenced from "/Users/van/Downloads/us.sitesucker.mac.sitesucker/jetart.olalaweb.vn/css/menu_drop.css", failed with error code 404 (not found)
2/14/20, 14:08:41 - ERROR: Download of "http://jetart.olalaweb.vn/img/nucleo-icon-12.svg", referenced from "/Users/van/Downloads/us.sitesucker.mac.sitesucker/jetart.olalaweb.vn/css/menu_drop.css", failed with error code 404 (not found)
2/14/20, 14:08:41 - ERROR: Download of "http://jetart.olalaweb.vn/fonts/glyphicons-halflings-regular.eot", referenced from "/Users/van/Downloads/us.sitesucker.mac.sitesucker/jetart.olalaweb.vn/css/bootstrap.css", failed with error code 404 (not found)
2/14/20, 14:08:41 - ERROR: Download of "http://jetart.olalaweb.vn/fonts/glyphicons-halflings-regular.ttf", referenced from "/Users/van/Downloads/us.sitesucker.mac.sitesucker/jetart.olalaweb.vn/css/bootstrap.css", failed with error code 404 (not found)
2/14/20, 14:08:41 - ERROR: Download of "http://jetart.olalaweb.vn/fonts/fontawesome-webfont.eot?v=4.2.0", referenced from "/Users/van/Downloads/us.sitesucker.mac.sitesucker/jetart.olalaweb.vn/css/bootstrap.css", failed with error code 404 (not found)
2/14/20, 14:08:41 - ERROR: Download of "http://jetart.olalaweb.vn/fonts/fontawesome-webfont.woff?v=4.2.0", referenced from "/Users/van/Downloads/us.sitesucker.mac.sitesucker/jetart.olalaweb.vn/css/bootstrap.css", failed with error code 404 (not found)
2/14/20, 14:08:42 - ERROR: Download of "http://jetart.olalaweb.vn/fonts/fontawesome-webfont.ttf?v=4.2.0", referenced from "/Users/van/Downloads/us.sitesucker.mac.sitesucker/jetart.olalaweb.vn/css/bootstrap.css", failed with error code 404 (not found)
2/14/20, 14:08:42 - ERROR: Download of "http://jetart.olalaweb.vn/fonts/fontawesome-webfont.svg?v=4.2.0", referenced from "/Users/van/Downloads/us.sitesucker.mac.sitesucker/jetart.olalaweb.vn/css/bootstrap.css", failed with error code 404 (not found)
2/14/20, 14:08:42 - ERROR: Download of "http://jetart.olalaweb.vn/fonts/fontawesome-webfont.eot?", referenced from "/Users/van/Downloads/us.sitesucker.mac.sitesucker/jetart.olalaweb.vn/css/bootstrap.css", failed with error code 404 (not found)
2/14/20, 14:08:42 - ERROR: Download of "http://jetart.olalaweb.vn/<?=HOME_URL?>/<?=$row3['slug']?>", referenced from "/Users/van/Downloads/us.sitesucker.mac.sitesucker/jetart.olalaweb.vn/dichvucon.html", failed with error code 404 (not found)

---------------------
